<?xml version="1.0" encoding="UTF-8"?>
<!-- Generated by org.testng.reporters.JUnitReportReporter -->
<testsuite skipped="0" hostname="Lenovo-PC" name="com.Testsorangehrm.Loginhrmtest" tests="1" failures="0" timestamp="09 Aug 2020 12:01:09 GMT" time="20.828" errors="0">
  <testcase name="getlogin" time="20.828" classname="com.Testsorangehrm.Loginhrmtest"/>
</testsuite> <!-- com.Testsorangehrm.Loginhrmtest -->
